<?xml version="1.0" encoding="UTF-8"?>
<!-- Generated by org.testng.reporters.JUnitXMLReporter -->
<testsuite ignored="0" hostname="PavanKalyan" failures="2" tests="2" name="Test1" time="6.386" errors="0" timestamp="2024-06-17T14:35:05 IST">
  <testcase classname="com.vTiger.crm.orgTest.CreateOrgTest" name="createOrgTest" time="0.001">
    <failure type="java.lang.Error" message="Unresolved compilation problems: 
	Cannot make a static reference to the non-static method setTest(ExtentTest) from the type UtilityClassObject
	Cannot make a static reference to the non-static method getTest() from the type UtilityClassObject
">
      <![CDATA[java.lang.Error: Unresolved compilation problems: 
Cannot make a static reference to the non-static method setTest(ExtentTest) from the type UtilityClassObject
Cannot make a static reference to the non-static method getTest() from the type UtilityClassObject

at com.vTiger.crm.ListenerUtility.ListenerImple.onTestStart(ListenerImple.java:49)
at java.base/java.util.ArrayList.forEach(ArrayList.java:1511)
at java.base/java.util.concurrent.FutureTask.run(FutureTask.java:264)
at java.base/java.util.concurrent.ThreadPoolExecutor.runWorker(ThreadPoolExecutor.java:1136)
at java.base/java.util.concurrent.ThreadPoolExecutor$Worker.run(ThreadPoolExecutor.java:635)
at java.base/java.lang.Thread.run(Thread.java:840)
... Removed 14 stack frames]]>
    </failure>
  </testcase> <!-- createOrgTest -->
  <testcase classname="com.vTiger.crm.orgTest.CreateOrgTest" name="createOrgTest" time="4.188">
    <failure type="java.lang.Error" message="Unresolved compilation problems: 
	Cannot make a static reference to the non-static method getTest() from the type UtilityClassObject
	Cannot make a static reference to the non-static method getTest() from the type UtilityClassObject
">
      <![CDATA[java.lang.Error: Unresolved compilation problems: 
Cannot make a static reference to the non-static method getTest() from the type UtilityClassObject
Cannot make a static reference to the non-static method getTest() from the type UtilityClassObject

at com.vTiger.crm.ListenerUtility.ListenerImple.onTestFailure(ListenerImple.java:59)
at java.base/java.util.ArrayList.forEach(ArrayList.java:1511)
at java.base/java.util.concurrent.FutureTask.run(FutureTask.java:264)
at java.base/java.util.concurrent.ThreadPoolExecutor.runWorker(ThreadPoolExecutor.java:1136)
at java.base/java.util.concurrent.ThreadPoolExecutor$Worker.run(ThreadPoolExecutor.java:635)
at java.base/java.lang.Thread.run(Thread.java:840)
... Removed 14 stack frames]]>
    </failure>
  </testcase> <!-- createOrgTest -->
</testsuite> <!-- Test1 -->
